170201 17:21:49 mysqld_safe Starting mysqld daemon with databases from /var/lib/mysql
2017-02-01 17:21:49 140227539934248 [Note] Using unique option prefix 'key_buffer' is error-prone and can break in the future. Please use the full name 'key_buffer_size' instead.
2017-02-01 17:21:49 140227539934248 [Note] /usr/bin/mysqld (mysqld 10.1.12-MariaDB) starting as process 256 ...
2017-02-01 17:21:49 140227539934248 [Note] Using unique option prefix 'myisam-recover' is error-prone and can break in the future. Please use the full name 'myisam-recover-options' instead.
2017-02-01 17:21:49 140227539934248 [Note] InnoDB: Using mutexes to ref count buffer pool pages
2017-02-01 17:21:49 140227539934248 [Note] InnoDB: The InnoDB memory heap is disabled
2017-02-01 17:21:49 140227539934248 [Note] InnoDB: Mutexes and rw_locks use GCC atomic builtins
2017-02-01 17:21:49 140227539934248 [Note] InnoDB: Memory barrier is not used
2017-02-01 17:21:49 140227539934248 [Note] InnoDB: Compressed tables use zlib 1.2.8
2017-02-01 17:21:49 140227539934248 [Note] InnoDB: Using Linux native AIO
2017-02-01 17:21:49 140227539934248 [Note] InnoDB: Using SSE crc32 instructions
2017-02-01 17:21:49 140227539934248 [Note] InnoDB: Initializing buffer pool, size = 128.0M
2017-02-01 17:21:49 140227539934248 [Note] InnoDB: Completed initialization of buffer pool
2017-02-01 17:21:49 140227539934248 [Note] InnoDB: Highest supported file format is Barracuda.
2017-02-01 17:21:49 140227539934248 [Note] InnoDB: 128 rollback segment(s) are active.
2017-02-01 17:21:49 140227539934248 [Note] InnoDB: Waiting for purge to start
2017-02-01 17:21:49 140227539934248 [Note] InnoDB:  Percona XtraDB (http://www.percona.com) 5.6.28-76.1 started; log sequence number 1616819
2017-02-01 17:21:49 140227307207344 [Note] InnoDB: Dumping buffer pool(s) not yet started
2017-02-01 17:21:49 140227539934248 [Note] Plugin 'FEEDBACK' is disabled.
2017-02-01 17:21:49 140227539934248 [Note] Server socket created on IP: '0.0.0.0'.
2017-02-01 17:21:49 140227539934248 [Note] /usr/bin/mysqld: ready for connections.
Version: '10.1.12-MariaDB'  socket: '/var/run/mysqld/mysqld.sock'  port: 3306  MariaDB Server
2017-02-01 17:21:54 140227303807664 [Note] /usr/bin/mysqld: Normal shutdown

2017-02-01 17:21:54 140227303807664 [Note] Event Scheduler: Purging the queue. 0 events
2017-02-01 17:21:54 140227307027120 [Note] InnoDB: FTS optimize thread exiting.
2017-02-01 17:21:54 140227303807664 [Note] InnoDB: Starting shutdown...
2017-02-01 17:21:55 140227303807664 [Note] InnoDB: Shutdown completed; log sequence number 1616829
2017-02-01 17:21:55 140227303807664 [Note] /usr/bin/mysqld: Shutdown complete

170201 17:21:55 mysqld_safe mysqld from pid file /var/run/mysqld/mysqld.pid ended
170201 17:21:56 mysqld_safe Starting mysqld daemon with databases from /var/lib/mysql
2017-02-01 17:21:56 140450097609768 [Note] Using unique option prefix 'key_buffer' is error-prone and can break in the future. Please use the full name 'key_buffer_size' instead.
2017-02-01 17:21:56 140450097609768 [Note] /usr/bin/mysqld (mysqld 10.1.12-MariaDB) starting as process 422 ...
2017-02-01 17:21:56 140450097609768 [Note] Using unique option prefix 'myisam-recover' is error-prone and can break in the future. Please use the full name 'myisam-recover-options' instead.
2017-02-01 17:21:56 140450097609768 [Note] InnoDB: Using mutexes to ref count buffer pool pages
2017-02-01 17:21:56 140450097609768 [Note] InnoDB: The InnoDB memory heap is disabled
2017-02-01 17:21:56 140450097609768 [Note] InnoDB: Mutexes and rw_locks use GCC atomic builtins
2017-02-01 17:21:56 140450097609768 [Note] InnoDB: Memory barrier is not used
2017-02-01 17:21:56 140450097609768 [Note] InnoDB: Compressed tables use zlib 1.2.8
2017-02-01 17:21:56 140450097609768 [Note] InnoDB: Using Linux native AIO
2017-02-01 17:21:56 140450097609768 [Note] InnoDB: Using SSE crc32 instructions
2017-02-01 17:21:56 140450097609768 [Note] InnoDB: Initializing buffer pool, size = 128.0M
2017-02-01 17:21:56 140450097609768 [Note] InnoDB: Completed initialization of buffer pool
2017-02-01 17:21:56 140450097609768 [Note] InnoDB: Highest supported file format is Barracuda.
2017-02-01 17:21:56 140450097609768 [Note] InnoDB: 128 rollback segment(s) are active.
2017-02-01 17:21:56 140450097609768 [Note] InnoDB: Waiting for purge to start
2017-02-01 17:21:56 140450097609768 [Note] InnoDB:  Percona XtraDB (http://www.percona.com) 5.6.28-76.1 started; log sequence number 1616829
2017-02-01 17:21:56 140449864882864 [Note] InnoDB: Dumping buffer pool(s) not yet started
2017-02-01 17:21:56 140450097609768 [Note] Plugin 'FEEDBACK' is disabled.
2017-02-01 17:21:56 140450097609768 [Note] Server socket created on IP: '0.0.0.0'.
2017-02-01 17:21:56 140450097609768 [Note] /usr/bin/mysqld: ready for connections.
Version: '10.1.12-MariaDB'  socket: '/var/run/mysqld/mysqld.sock'  port: 3306  MariaDB Server
170201 17:46:14 mysqld_safe Starting mysqld daemon with databases from /var/lib/mysql
2017-02-01 17:46:14 140043860970536 [Note] Using unique option prefix 'key_buffer' is error-prone and can break in the future. Please use the full name 'key_buffer_size' instead.
2017-02-01 17:46:14 140043860970536 [Note] /usr/bin/mysqld (mysqld 10.1.12-MariaDB) starting as process 140 ...
2017-02-01 17:46:14 140043860970536 [Note] Using unique option prefix 'myisam-recover' is error-prone and can break in the future. Please use the full name 'myisam-recover-options' instead.
2017-02-01 17:46:14 140043860970536 [Note] InnoDB: Using mutexes to ref count buffer pool pages
2017-02-01 17:46:14 140043860970536 [Note] InnoDB: The InnoDB memory heap is disabled
2017-02-01 17:46:14 140043860970536 [Note] InnoDB: Mutexes and rw_locks use GCC atomic builtins
2017-02-01 17:46:14 140043860970536 [Note] InnoDB: Memory barrier is not used
2017-02-01 17:46:14 140043860970536 [Note] InnoDB: Compressed tables use zlib 1.2.8
2017-02-01 17:46:14 140043860970536 [Note] InnoDB: Using Linux native AIO
2017-02-01 17:46:14 140043860970536 [Note] InnoDB: Using SSE crc32 instructions
2017-02-01 17:46:14 140043860970536 [Note] InnoDB: Initializing buffer pool, size = 128.0M
2017-02-01 17:46:14 140043860970536 [Note] InnoDB: Completed initialization of buffer pool
2017-02-01 17:46:14 140043860970536 [Note] InnoDB: Highest supported file format is Barracuda.
2017-02-01 17:46:14 140043860970536 [Note] InnoDB: The log sequence numbers 1616829 and 1616829 in ibdata files do not match the log sequence number 1616839 in the ib_logfiles!
2017-02-01 17:46:14 140043860970536 [Note] InnoDB: Database was not shutdown normally!
2017-02-01 17:46:14 140043860970536 [Note] InnoDB: Starting crash recovery.
2017-02-01 17:46:14 140043860970536 [Note] InnoDB: Reading tablespace information from the .ibd files...
2017-02-01 17:46:14 140043860970536 [Note] InnoDB: Restoring possible half-written data pages 
2017-02-01 17:46:14 140043860970536 [Note] InnoDB: from the doublewrite buffer...
2017-02-01 17:46:14 140043860970536 [Note] InnoDB: 128 rollback segment(s) are active.
2017-02-01 17:46:14 140043860970536 [Note] InnoDB: Waiting for purge to start
2017-02-01 17:46:14 140043860970536 [Note] InnoDB:  Percona XtraDB (http://www.percona.com) 5.6.28-76.1 started; log sequence number 1616839
2017-02-01 17:46:14 140043628243632 [Note] InnoDB: Dumping buffer pool(s) not yet started
2017-02-01 17:46:14 140043860970536 [Note] Plugin 'FEEDBACK' is disabled.
2017-02-01 17:46:14 140043860970536 [Note] Recovering after a crash using tc.log
2017-02-01 17:46:14 140043860970536 [Note] Starting crash recovery...
2017-02-01 17:46:14 140043860970536 [Note] Crash recovery finished.
2017-02-01 17:46:14 140043860970536 [Note] Server socket created on IP: '0.0.0.0'.
2017-02-01 17:46:14 140043860970536 [Note] /usr/bin/mysqld: ready for connections.
Version: '10.1.12-MariaDB'  socket: '/var/run/mysqld/mysqld.sock'  port: 3306  MariaDB Server
170202 15:13:49 mysqld_safe Starting mysqld daemon with databases from /var/lib/mysql
2017-02-02 15:13:50 139692990934056 [Note] Using unique option prefix 'key_buffer' is error-prone and can break in the future. Please use the full name 'key_buffer_size' instead.
2017-02-02 15:13:50 139692990934056 [Note] /usr/bin/mysqld (mysqld 10.1.12-MariaDB) starting as process 139 ...
2017-02-02 15:13:50 139692990934056 [Note] Using unique option prefix 'myisam-recover' is error-prone and can break in the future. Please use the full name 'myisam-recover-options' instead.
2017-02-02 15:13:50 139692990934056 [Note] InnoDB: Using mutexes to ref count buffer pool pages
2017-02-02 15:13:50 139692990934056 [Note] InnoDB: The InnoDB memory heap is disabled
2017-02-02 15:13:50 139692990934056 [Note] InnoDB: Mutexes and rw_locks use GCC atomic builtins
2017-02-02 15:13:50 139692990934056 [Note] InnoDB: Memory barrier is not used
2017-02-02 15:13:50 139692990934056 [Note] InnoDB: Compressed tables use zlib 1.2.8
2017-02-02 15:13:50 139692990934056 [Note] InnoDB: Using Linux native AIO
2017-02-02 15:13:50 139692990934056 [Note] InnoDB: Using SSE crc32 instructions
2017-02-02 15:13:50 139692990934056 [Note] InnoDB: Initializing buffer pool, size = 128.0M
2017-02-02 15:13:50 139692990934056 [Note] InnoDB: Completed initialization of buffer pool
2017-02-02 15:13:50 139692990934056 [Note] InnoDB: Highest supported file format is Barracuda.
2017-02-02 15:13:50 139692990934056 [Note] InnoDB: The log sequence numbers 1616829 and 1616829 in ibdata files do not match the log sequence number 1616849 in the ib_logfiles!
2017-02-02 15:13:50 139692990934056 [Note] InnoDB: Database was not shutdown normally!
2017-02-02 15:13:50 139692990934056 [Note] InnoDB: Starting crash recovery.
2017-02-02 15:13:50 139692990934056 [Note] InnoDB: Reading tablespace information from the .ibd files...
2017-02-02 15:13:50 139692990934056 [Note] InnoDB: Restoring possible half-written data pages 
2017-02-02 15:13:50 139692990934056 [Note] InnoDB: from the doublewrite buffer...
2017-02-02 15:13:50 139692990934056 [Note] InnoDB: 128 rollback segment(s) are active.
2017-02-02 15:13:50 139692990934056 [Note] InnoDB: Waiting for purge to start
2017-02-02 15:13:50 139692990934056 [Note] InnoDB:  Percona XtraDB (http://www.percona.com) 5.6.28-76.1 started; log sequence number 1616849
2017-02-02 15:13:50 139692758207152 [Note] InnoDB: Dumping buffer pool(s) not yet started
2017-02-02 15:13:50 139692990934056 [Note] Plugin 'FEEDBACK' is disabled.
2017-02-02 15:13:50 139692990934056 [Note] Recovering after a crash using tc.log
2017-02-02 15:13:50 139692990934056 [Note] Starting crash recovery...
2017-02-02 15:13:50 139692990934056 [Note] Crash recovery finished.
2017-02-02 15:13:50 139692990934056 [Note] Server socket created on IP: '0.0.0.0'.
2017-02-02 15:13:50 139692990934056 [Note] /usr/bin/mysqld: ready for connections.
Version: '10.1.12-MariaDB'  socket: '/var/run/mysqld/mysqld.sock'  port: 3306  MariaDB Server
170205 16:24:50 mysqld_safe Starting mysqld daemon with databases from /var/lib/mysql
2017-02-05 16:24:50 139750811593768 [Note] Using unique option prefix 'key_buffer' is error-prone and can break in the future. Please use the full name 'key_buffer_size' instead.
2017-02-05 16:24:50 139750811593768 [Note] /usr/bin/mysqld (mysqld 10.1.12-MariaDB) starting as process 142 ...
2017-02-05 16:24:50 139750811593768 [Note] Using unique option prefix 'myisam-recover' is error-prone and can break in the future. Please use the full name 'myisam-recover-options' instead.
2017-02-05 16:24:50 139750811593768 [Note] InnoDB: Using mutexes to ref count buffer pool pages
2017-02-05 16:24:50 139750811593768 [Note] InnoDB: The InnoDB memory heap is disabled
2017-02-05 16:24:50 139750811593768 [Note] InnoDB: Mutexes and rw_locks use GCC atomic builtins
2017-02-05 16:24:50 139750811593768 [Note] InnoDB: Memory barrier is not used
2017-02-05 16:24:50 139750811593768 [Note] InnoDB: Compressed tables use zlib 1.2.8
2017-02-05 16:24:50 139750811593768 [Note] InnoDB: Using Linux native AIO
2017-02-05 16:24:50 139750811593768 [Note] InnoDB: Using SSE crc32 instructions
2017-02-05 16:24:50 139750811593768 [Note] InnoDB: Initializing buffer pool, size = 128.0M
2017-02-05 16:24:50 139750811593768 [Note] InnoDB: Completed initialization of buffer pool
2017-02-05 16:24:50 139750811593768 [Note] InnoDB: Highest supported file format is Barracuda.
2017-02-05 16:24:50 139750811593768 [Note] InnoDB: The log sequence numbers 1616829 and 1616829 in ibdata files do not match the log sequence number 1616859 in the ib_logfiles!
2017-02-05 16:24:50 139750811593768 [Note] InnoDB: Database was not shutdown normally!
2017-02-05 16:24:50 139750811593768 [Note] InnoDB: Starting crash recovery.
2017-02-05 16:24:50 139750811593768 [Note] InnoDB: Reading tablespace information from the .ibd files...
2017-02-05 16:24:50 139750811593768 [Note] InnoDB: Restoring possible half-written data pages 
2017-02-05 16:24:50 139750811593768 [Note] InnoDB: from the doublewrite buffer...
2017-02-05 16:24:50 139750811593768 [Note] InnoDB: 128 rollback segment(s) are active.
2017-02-05 16:24:50 139750811593768 [Note] InnoDB: Waiting for purge to start
2017-02-05 16:24:50 139750811593768 [Note] InnoDB:  Percona XtraDB (http://www.percona.com) 5.6.28-76.1 started; log sequence number 1616859
2017-02-05 16:24:50 139750578866864 [Note] InnoDB: Dumping buffer pool(s) not yet started
2017-02-05 16:24:50 139750811593768 [Note] Plugin 'FEEDBACK' is disabled.
2017-02-05 16:24:50 139750811593768 [Note] Recovering after a crash using tc.log
2017-02-05 16:24:50 139750811593768 [Note] Starting crash recovery...
2017-02-05 16:24:50 139750811593768 [Note] Crash recovery finished.
2017-02-05 16:24:50 139750811593768 [Note] Server socket created on IP: '0.0.0.0'.
2017-02-05 16:24:50 139750811593768 [Note] /usr/bin/mysqld: ready for connections.
Version: '10.1.12-MariaDB'  socket: '/var/run/mysqld/mysqld.sock'  port: 3306  MariaDB Server
170206 15:15:32 mysqld_safe Starting mysqld daemon with databases from /var/lib/mysql
2017-02-06 15:15:32 140473876163624 [Note] Using unique option prefix 'key_buffer' is error-prone and can break in the future. Please use the full name 'key_buffer_size' instead.
2017-02-06 15:15:32 140473876163624 [Note] /usr/bin/mysqld (mysqld 10.1.12-MariaDB) starting as process 139 ...
2017-02-06 15:15:32 140473876163624 [Note] Using unique option prefix 'myisam-recover' is error-prone and can break in the future. Please use the full name 'myisam-recover-options' instead.
2017-02-06 15:15:32 140473876163624 [Note] InnoDB: Using mutexes to ref count buffer pool pages
2017-02-06 15:15:32 140473876163624 [Note] InnoDB: The InnoDB memory heap is disabled
2017-02-06 15:15:32 140473876163624 [Note] InnoDB: Mutexes and rw_locks use GCC atomic builtins
2017-02-06 15:15:32 140473876163624 [Note] InnoDB: Memory barrier is not used
2017-02-06 15:15:32 140473876163624 [Note] InnoDB: Compressed tables use zlib 1.2.8
2017-02-06 15:15:32 140473876163624 [Note] InnoDB: Using Linux native AIO
2017-02-06 15:15:32 140473876163624 [Note] InnoDB: Using SSE crc32 instructions
2017-02-06 15:15:32 140473876163624 [Note] InnoDB: Initializing buffer pool, size = 128.0M
2017-02-06 15:15:32 140473876163624 [Note] InnoDB: Completed initialization of buffer pool
2017-02-06 15:15:32 140473876163624 [Note] InnoDB: Highest supported file format is Barracuda.
2017-02-06 15:15:32 140473876163624 [Note] InnoDB: The log sequence numbers 1616829 and 1616829 in ibdata files do not match the log sequence number 1616869 in the ib_logfiles!
2017-02-06 15:15:32 140473876163624 [Note] InnoDB: Database was not shutdown normally!
2017-02-06 15:15:32 140473876163624 [Note] InnoDB: Starting crash recovery.
2017-02-06 15:15:32 140473876163624 [Note] InnoDB: Reading tablespace information from the .ibd files...
2017-02-06 15:15:32 140473876163624 [Note] InnoDB: Restoring possible half-written data pages 
2017-02-06 15:15:32 140473876163624 [Note] InnoDB: from the doublewrite buffer...
2017-02-06 15:15:32 140473876163624 [Note] InnoDB: 128 rollback segment(s) are active.
2017-02-06 15:15:32 140473876163624 [Note] InnoDB: Waiting for purge to start
2017-02-06 15:15:32 140473876163624 [Note] InnoDB:  Percona XtraDB (http://www.percona.com) 5.6.28-76.1 started; log sequence number 1616869
2017-02-06 15:15:32 140473643436720 [Note] InnoDB: Dumping buffer pool(s) not yet started
2017-02-06 15:15:32 140473876163624 [Note] Plugin 'FEEDBACK' is disabled.
2017-02-06 15:15:32 140473876163624 [Note] Recovering after a crash using tc.log
2017-02-06 15:15:32 140473876163624 [Note] Starting crash recovery...
2017-02-06 15:15:32 140473876163624 [Note] Crash recovery finished.
2017-02-06 15:15:32 140473876163624 [Note] Server socket created on IP: '0.0.0.0'.
2017-02-06 15:15:32 140473876163624 [Note] /usr/bin/mysqld: ready for connections.
Version: '10.1.12-MariaDB'  socket: '/var/run/mysqld/mysqld.sock'  port: 3306  MariaDB Server
